
ROM used: 88 (1%)
          88 (1%) including unused fragments

          0 Average locations per line
          7 Average locations per statement

RAM used: 7 (2%) at main() level
          7 (2%) worst case

Stack used: 0 worst case (out of 8 total available)

Lines Stmts  %   Files
----- ----- ---  -----
   37    13 100  main.c
  313     0   0  ..\..\..\..\..\..\PROGRA~1\PICC\devices\16F877A.h
----- -----
  350    13 Total

Page ROM  %  RAM   Vol Diff  Functions:
---- --- --- ---   --- ----  ----------
0     84  95   0   285  2.8  main

Program metrics:
    Functions               1
    Statements              13
    Comments                77
    Volume (V)              285
    Difficilty (D)          2.8
    Effort to implement (E) 794
    Time to implement (T)   1 minutes
    Est Delivered Bugs (B)  0
    Cyclomatic Complexity   1
    Maintainability (MI)    143

 Segment     Used  Free
-----------  ----  ----
00000-00003     4  0  
00004-007FF    84  1960  
00800-00FFF     0  2048  
01000-017FF     0  2048  
01800-01FFF     0  2048  



